<?xml version="1.0" encoding="UTF-8"?>
<testng-results ignored="0" total="1" passed="1" failed="0" skipped="0">
  <reporter-output>
  </reporter-output>
  <suite started-at="2022-03-26T11:37:54 IST" name="Default suite" finished-at="2022-03-26T11:37:55 IST" duration-ms="118">
    <groups>
    </groups>
    <test started-at="2022-03-26T11:37:54 IST" name="Default test" finished-at="2022-03-26T11:37:55 IST" duration-ms="118">
      <class name="testcases.SampleTest">
        <test-method signature="test1()[pri:0, instance:testcases.SampleTest@f381794]" started-at="2022-03-26T11:37:55 IST" name="test1" finished-at="2022-03-26T11:37:55 IST" duration-ms="16" status="PASS">
          <reporter-output>
          </reporter-output>
        </test-method> <!-- test1 -->
      </class> <!-- testcases.SampleTest -->
    </test> <!-- Default test -->
  </suite> <!-- Default suite -->
</testng-results>
